<?xml version="1.0" encoding="UTF-8"?>
<testng-results skipped="0" failed="0" ignored="0" total="1" passed="1">
  <reporter-output>
  </reporter-output>
  <suite name="Default suite" duration-ms="2569" started-at="2020-02-21T14:37:34Z" finished-at="2020-02-21T14:37:36Z">
    <groups>
      <group name="cucumber">
        <method signature="AbstractTestNGCucumberTests.feature(cucumber.api.testng.CucumberFeatureWrapper)[pri:0, instance:com.testrunner.TestRunner@64bf3bbf]" name="feature" class="cucumber.api.testng.AbstractTestNGCucumberTests"/>
      </group> <!-- cucumber -->
    </groups>
    <test name="Default test" duration-ms="2569" started-at="2020-02-21T14:37:34Z" finished-at="2020-02-21T14:37:36Z">
      <class name="com.testrunner.TestRunner">
        <test-method status="PASS" signature="setUpClass()[pri:0, instance:com.testrunner.TestRunner@64bf3bbf]" name="setUpClass" is-config="true" duration-ms="114" started-at="2020-02-21T14:37:34Z" finished-at="2020-02-21T14:37:34Z">
          <reporter-output>
          </reporter-output>
        </test-method> <!-- setUpClass -->
        <test-method status="PASS" signature="feature(cucumber.api.testng.CucumberFeatureWrapper)[pri:0, instance:com.testrunner.TestRunner@64bf3bbf]" name="feature" duration-ms="2359" started-at="2020-02-21T14:37:34Z" description="Runs Cucumber Feature" data-provider="features" finished-at="2020-02-21T14:37:36Z">
          <params>
            <param index="0">
              <value>
                <![CDATA[Go to amazon]]>
              </value>
            </param>
          </params>
          <reporter-output>
          </reporter-output>
        </test-method> <!-- feature -->
        <test-method status="PASS" signature="tearDownClass()[pri:0, instance:com.testrunner.TestRunner@64bf3bbf]" name="tearDownClass" is-config="true" duration-ms="38" started-at="2020-02-21T14:37:36Z" finished-at="2020-02-21T14:37:36Z">
          <reporter-output>
          </reporter-output>
        </test-method> <!-- tearDownClass -->
      </class> <!-- com.testrunner.TestRunner -->
    </test> <!-- Default test -->
  </suite> <!-- Default suite -->
</testng-results>
