<?xml version="1.0" encoding="UTF-8"?>
<testng-results skipped="0" failed="1" ignored="0" total="1" passed="0">
  <reporter-output>
  </reporter-output>
  <suite name="Default suite" duration-ms="2331" started-at="2020-07-18T23:27:39Z" finished-at="2020-07-18T23:27:41Z">
    <groups>
      <group name="cucumber">
        <method signature="AbstractTestNGCucumberTests.feature(cucumber.api.testng.CucumberFeatureWrapper)[pri:0, instance:com.testrunner.TestRunner@21213b92]" name="feature" class="cucumber.api.testng.AbstractTestNGCucumberTests"/>
      </group> <!-- cucumber -->
    </groups>
    <test name="Default test" duration-ms="2331" started-at="2020-07-18T23:27:39Z" finished-at="2020-07-18T23:27:41Z">
      <class name="com.testrunner.TestRunner">
        <test-method status="PASS" signature="setUpClass()[pri:0, instance:com.testrunner.TestRunner@21213b92]" name="setUpClass" is-config="true" duration-ms="129" started-at="2020-07-18T23:27:39Z" finished-at="2020-07-18T23:27:39Z">
          <reporter-output>
          </reporter-output>
        </test-method> <!-- setUpClass -->
        <test-method status="FAIL" signature="feature(cucumber.api.testng.CucumberFeatureWrapper)[pri:0, instance:com.testrunner.TestRunner@21213b92]" name="feature" duration-ms="2137" started-at="2020-07-18T23:27:39Z" description="Runs Cucumber Feature" data-provider="features" finished-at="2020-07-18T23:27:41Z">
          <params>
            <param index="0">
              <value>
                <![CDATA[JetBlue]]>
              </value>
            </param>
          </params>
          <exception class="cucumber.runtime.CucumberException">
            <message>
              <![CDATA[org.openqa.selenium.NoSuchElementException: no such element: Unable to locate element: {"method":"xpath","selector":"/html[1]/body[1]/jb-app[1]/jb-basic-template[1]/div[1]/div[1]/jb-section-header-container[1]/div[1]/div[1]/div[1]/div[1]/jb-section-container[1]/div[1]/div[1]/jb-book-trip-container[1]/jb-pattern-block[1]/div[1]/div[2]/div[1]/jb-booker-tabs-container[1]/div[1]/jb-tabs[1]/section[1]/div[1]/jb-tab-panel[1]/jb-booker-tabs-wrapper[1]/div[1]/jb-booker-air-wrapper[1]/div[1]/jb-booker-air[1]/form[1]/div[1]/jb-city-pair-selector[1]/div[1]/jb-city-selector[2]/div[1]/div[1]/div[1]/input[1]"}
  (Session info: chrome=84.0.4147.89)
For documentation on this error, please visit: https://www.seleniumhq.org/exceptions/no_such_element.html
Build info: version: '3.141.59', revision: 'e82be7d358', time: '2018-11-14T08:17:03'
System info: host: 'Ankurs-MBP.cable.rcn.com', ip: 'fe80:0:0:0:a1:eacf:100e:f123%en0', os.name: 'Mac OS X', os.arch: 'x86_64', os.version: '10.15.5', java.version: '1.8.0_241'
Driver info: org.openqa.selenium.chrome.ChromeDriver
Capabilities {acceptInsecureCerts: false, browserName: chrome, browserVersion: 84.0.4147.89, chrome: {chromedriverVersion: 83.0.4103.39 (ccbf011cb2d2b..., userDataDir: /var/folders/tt/nsvrf5zx0jd...}, goog:chromeOptions: {debuggerAddress: localhost:64487}, javascriptEnabled: true, networkConnectionEnabled: false, pageLoadStrategy: normal, platform: MAC, platformName: MAC, proxy: Proxy(), setWindowRect: true, strictFileInteractability: false, timeouts: {implicit: 0, pageLoad: 300000, script: 30000}, unhandledPromptBehavior: dismiss and notify, webauthn:virtualAuthenticators: true}
Session ID: 1a30ba5ba6bc40370b47ec8351181566
*** Element info: {Using=xpath, value=/html[1]/body[1]/jb-app[1]/jb-basic-template[1]/div[1]/div[1]/jb-section-header-container[1]/div[1]/div[1]/div[1]/div[1]/jb-section-container[1]/div[1]/div[1]/jb-book-trip-container[1]/jb-pattern-block[1]/div[1]/div[2]/div[1]/jb-booker-tabs-container[1]/div[1]/jb-tabs[1]/section[1]/div[1]/jb-tab-panel[1]/jb-booker-tabs-wrapper[1]/div[1]/jb-booker-air-wrapper[1]/div[1]/jb-booker-air[1]/form[1]/div[1]/jb-city-pair-selector[1]/div[1]/jb-city-selector[2]/div[1]/div[1]/div[1]/input[1]}]]>
            </message>
            <full-stacktrace>
              <![CDATA[cucumber.runtime.CucumberException: org.openqa.selenium.NoSuchElementException: no such element: Unable to locate element: {"method":"xpath","selector":"/html[1]/body[1]/jb-app[1]/jb-basic-template[1]/div[1]/div[1]/jb-section-header-container[1]/div[1]/div[1]/div[1]/div[1]/jb-section-container[1]/div[1]/div[1]/jb-book-trip-container[1]/jb-pattern-block[1]/div[1]/div[2]/div[1]/jb-booker-tabs-container[1]/div[1]/jb-tabs[1]/section[1]/div[1]/jb-tab-panel[1]/jb-booker-tabs-wrapper[1]/div[1]/jb-booker-air-wrapper[1]/div[1]/jb-booker-air[1]/form[1]/div[1]/jb-city-pair-selector[1]/div[1]/jb-city-selector[2]/div[1]/div[1]/div[1]/input[1]"}
  (Session info: chrome=84.0.4147.89)
For documentation on this error, please visit: https://www.seleniumhq.org/exceptions/no_such_element.html
Build info: version: '3.141.59', revision: 'e82be7d358', time: '2018-11-14T08:17:03'
System info: host: 'Ankurs-MBP.cable.rcn.com', ip: 'fe80:0:0:0:a1:eacf:100e:f123%en0', os.name: 'Mac OS X', os.arch: 'x86_64', os.version: '10.15.5', java.version: '1.8.0_241'
Driver info: org.openqa.selenium.chrome.ChromeDriver
Capabilities {acceptInsecureCerts: false, browserName: chrome, browserVersion: 84.0.4147.89, chrome: {chromedriverVersion: 83.0.4103.39 (ccbf011cb2d2b..., userDataDir: /var/folders/tt/nsvrf5zx0jd...}, goog:chromeOptions: {debuggerAddress: localhost:64487}, javascriptEnabled: true, networkConnectionEnabled: false, pageLoadStrategy: normal, platform: MAC, platformName: MAC, proxy: Proxy(), setWindowRect: true, strictFileInteractability: false, timeouts: {implicit: 0, pageLoad: 300000, script: 30000}, unhandledPromptBehavior: dismiss and notify, webauthn:virtualAuthenticators: true}
Session ID: 1a30ba5ba6bc40370b47ec8351181566
*** Element info: {Using=xpath, value=/html[1]/body[1]/jb-app[1]/jb-basic-template[1]/div[1]/div[1]/jb-section-header-container[1]/div[1]/div[1]/div[1]/div[1]/jb-section-container[1]/div[1]/div[1]/jb-book-trip-container[1]/jb-pattern-block[1]/div[1]/div[2]/div[1]/jb-booker-tabs-container[1]/div[1]/jb-tabs[1]/section[1]/div[1]/jb-tab-panel[1]/jb-booker-tabs-wrapper[1]/div[1]/jb-booker-air-wrapper[1]/div[1]/jb-booker-air[1]/form[1]/div[1]/jb-city-pair-selector[1]/div[1]/jb-city-selector[2]/div[1]/div[1]/div[1]/input[1]}
at cucumber.api.testng.TestNGCucumberRunner.runCucumber(TestNGCucumberRunner.java:69)
at cucumber.api.testng.AbstractTestNGCucumberTests.feature(AbstractTestNGCucumberTests.java:21)
at sun.reflect.NativeMethodAccessorImpl.invoke0(Native Method)
at sun.reflect.NativeMethodAccessorImpl.invoke(NativeMethodAccessorImpl.java:62)
at sun.reflect.DelegatingMethodAccessorImpl.invoke(DelegatingMethodAccessorImpl.java:43)
at java.lang.reflect.Method.invoke(Method.java:498)
at org.testng.internal.MethodInvocationHelper.invokeMethod(MethodInvocationHelper.java:124)
at org.testng.internal.Invoker.invokeMethod(Invoker.java:583)
at org.testng.internal.Invoker.invokeTestMethod(Invoker.java:719)
at org.testng.internal.Invoker.invokeTestMethods(Invoker.java:989)
at org.testng.internal.TestMethodWorker.invokeTestMethods(TestMethodWorker.java:125)
at org.testng.internal.TestMethodWorker.run(TestMethodWorker.java:109)
at org.testng.TestRunner.privateRun(TestRunner.java:648)
at org.testng.TestRunner.run(TestRunner.java:505)
at org.testng.SuiteRunner.runTest(SuiteRunner.java:455)
at org.testng.SuiteRunner.runSequentially(SuiteRunner.java:450)
at org.testng.SuiteRunner.privateRun(SuiteRunner.java:415)
at org.testng.SuiteRunner.run(SuiteRunner.java:364)
at org.testng.SuiteRunnerWorker.runSuite(SuiteRunnerWorker.java:52)
at org.testng.SuiteRunnerWorker.run(SuiteRunnerWorker.java:84)
at org.testng.TestNG.runSuitesSequentially(TestNG.java:1208)
at org.testng.TestNG.runSuitesLocally(TestNG.java:1137)
at org.testng.TestNG.runSuites(TestNG.java:1049)
at org.testng.TestNG.run(TestNG.java:1017)
at org.testng.remote.AbstractRemoteTestNG.run(AbstractRemoteTestNG.java:115)
at org.testng.remote.RemoteTestNG.initAndRun(RemoteTestNG.java:251)
at org.testng.remote.RemoteTestNG.main(RemoteTestNG.java:77)
Caused by: org.openqa.selenium.NoSuchElementException: no such element: Unable to locate element: {"method":"xpath","selector":"/html[1]/body[1]/jb-app[1]/jb-basic-template[1]/div[1]/div[1]/jb-section-header-container[1]/div[1]/div[1]/div[1]/div[1]/jb-section-container[1]/div[1]/div[1]/jb-book-trip-container[1]/jb-pattern-block[1]/div[1]/div[2]/div[1]/jb-booker-tabs-container[1]/div[1]/jb-tabs[1]/section[1]/div[1]/jb-tab-panel[1]/jb-booker-tabs-wrapper[1]/div[1]/jb-booker-air-wrapper[1]/div[1]/jb-booker-air[1]/form[1]/div[1]/jb-city-pair-selector[1]/div[1]/jb-city-selector[2]/div[1]/div[1]/div[1]/input[1]"}
  (Session info: chrome=84.0.4147.89)
For documentation on this error, please visit: https://www.seleniumhq.org/exceptions/no_such_element.html
Build info: version: '3.141.59', revision: 'e82be7d358', time: '2018-11-14T08:17:03'
System info: host: 'Ankurs-MBP.cable.rcn.com', ip: 'fe80:0:0:0:a1:eacf:100e:f123%en0', os.name: 'Mac OS X', os.arch: 'x86_64', os.version: '10.15.5', java.version: '1.8.0_241'
Driver info: org.openqa.selenium.chrome.ChromeDriver
Capabilities {acceptInsecureCerts: false, browserName: chrome, browserVersion: 84.0.4147.89, chrome: {chromedriverVersion: 83.0.4103.39 (ccbf011cb2d2b..., userDataDir: /var/folders/tt/nsvrf5zx0jd...}, goog:chromeOptions: {debuggerAddress: localhost:64487}, javascriptEnabled: true, networkConnectionEnabled: false, pageLoadStrategy: normal, platform: MAC, platformName: MAC, proxy: Proxy(), setWindowRect: true, strictFileInteractability: false, timeouts: {implicit: 0, pageLoad: 300000, script: 30000}, unhandledPromptBehavior: dismiss and notify, webauthn:virtualAuthenticators: true}
Session ID: 1a30ba5ba6bc40370b47ec8351181566
*** Element info: {Using=xpath, value=/html[1]/body[1]/jb-app[1]/jb-basic-template[1]/div[1]/div[1]/jb-section-header-container[1]/div[1]/div[1]/div[1]/div[1]/jb-section-container[1]/div[1]/div[1]/jb-book-trip-container[1]/jb-pattern-block[1]/div[1]/div[2]/div[1]/jb-booker-tabs-container[1]/div[1]/jb-tabs[1]/section[1]/div[1]/jb-tab-panel[1]/jb-booker-tabs-wrapper[1]/div[1]/jb-booker-air-wrapper[1]/div[1]/jb-booker-air[1]/form[1]/div[1]/jb-city-pair-selector[1]/div[1]/jb-city-selector[2]/div[1]/div[1]/div[1]/input[1]}
at sun.reflect.NativeConstructorAccessorImpl.newInstance0(Native Method)
at sun.reflect.NativeConstructorAccessorImpl.newInstance(NativeConstructorAccessorImpl.java:62)
at sun.reflect.DelegatingConstructorAccessorImpl.newInstance(DelegatingConstructorAccessorImpl.java:45)
at java.lang.reflect.Constructor.newInstance(Constructor.java:423)
at org.openqa.selenium.remote.http.W3CHttpResponseCodec.createException(W3CHttpResponseCodec.java:187)
at org.openqa.selenium.remote.http.W3CHttpResponseCodec.decode(W3CHttpResponseCodec.java:122)
at org.openqa.selenium.remote.http.W3CHttpResponseCodec.decode(W3CHttpResponseCodec.java:49)
at org.openqa.selenium.remote.HttpCommandExecutor.execute(HttpCommandExecutor.java:158)
at org.openqa.selenium.remote.service.DriverCommandExecutor.execute(DriverCommandExecutor.java:83)
at org.openqa.selenium.remote.RemoteWebDriver.execute(RemoteWebDriver.java:552)
at org.openqa.selenium.remote.RemoteWebDriver.findElement(RemoteWebDriver.java:323)
at org.openqa.selenium.remote.RemoteWebDriver.findElementByXPath(RemoteWebDriver.java:428)
at org.openqa.selenium.By$ByXPath.findElement(By.java:353)
at org.openqa.selenium.remote.RemoteWebDriver.findElement(RemoteWebDriver.java:315)
at com.stepDef.JetBlue.i_am_on_JetBlue(JetBlue.java:21)
at âœ½.Given I am on JetBlue(JetBlue.feature:7)
]]>
            </full-stacktrace>
          </exception> <!-- cucumber.runtime.CucumberException -->
          <reporter-output>
          </reporter-output>
        </test-method> <!-- feature -->
        <test-method status="PASS" signature="tearDownClass()[pri:0, instance:com.testrunner.TestRunner@21213b92]" name="tearDownClass" is-config="true" duration-ms="4" started-at="2020-07-18T23:27:41Z" finished-at="2020-07-18T23:27:41Z">
          <reporter-output>
          </reporter-output>
        </test-method> <!-- tearDownClass -->
      </class> <!-- com.testrunner.TestRunner -->
    </test> <!-- Default test -->
  </suite> <!-- Default suite -->
</testng-results>
