<?xml version="1.0" encoding="UTF-8"?>
<testng-results skipped="0" failed="0" ignored="0" total="1" passed="1">
  <reporter-output>
  </reporter-output>
  <suite name="Default suite" duration-ms="3807" started-at="2020-08-16T00:59:21Z" finished-at="2020-08-16T00:59:25Z">
    <groups>
      <group name="cucumber">
        <method signature="AbstractTestNGCucumberTests.feature(cucumber.api.testng.CucumberFeatureWrapper)[pri:0, instance:com.testrunner.TestRunner@21213b92]" name="feature" class="cucumber.api.testng.AbstractTestNGCucumberTests"/>
      </group> <!-- cucumber -->
    </groups>
    <test name="Default test" duration-ms="3807" started-at="2020-08-16T00:59:21Z" finished-at="2020-08-16T00:59:25Z">
      <class name="com.testrunner.TestRunner">
        <test-method status="PASS" signature="setUpClass()[pri:0, instance:com.testrunner.TestRunner@21213b92]" name="setUpClass" is-config="true" duration-ms="133" started-at="2020-08-16T00:59:21Z" finished-at="2020-08-16T00:59:21Z">
          <reporter-output>
          </reporter-output>
        </test-method> <!-- setUpClass -->
        <test-method status="PASS" signature="feature(cucumber.api.testng.CucumberFeatureWrapper)[pri:0, instance:com.testrunner.TestRunner@21213b92]" name="feature" duration-ms="3601" started-at="2020-08-16T00:59:21Z" description="Runs Cucumber Feature" data-provider="features" finished-at="2020-08-16T00:59:25Z">
          <params>
            <param index="0">
              <value>
                <![CDATA[Title of your feature]]>
              </value>
            </param>
          </params>
          <reporter-output>
          </reporter-output>
        </test-method> <!-- feature -->
        <test-method status="PASS" signature="tearDownClass()[pri:0, instance:com.testrunner.TestRunner@21213b92]" name="tearDownClass" is-config="true" duration-ms="1" started-at="2020-08-16T00:59:25Z" finished-at="2020-08-16T00:59:25Z">
          <reporter-output>
          </reporter-output>
        </test-method> <!-- tearDownClass -->
      </class> <!-- com.testrunner.TestRunner -->
    </test> <!-- Default test -->
  </suite> <!-- Default suite -->
</testng-results>
