<?xml version="1.0" encoding="UTF-8"?>
<testng-results skipped="0" failed="0" ignored="0" total="1" passed="1">
  <reporter-output>
  </reporter-output>
  <suite name="com.testrunner.TestRunner" duration-ms="175" started-at="2020-06-21T00:50:47Z" finished-at="2020-06-21T00:50:47Z">
    <groups>
      <group name="cucumber">
        <method signature="AbstractTestNGCucumberTests.feature(cucumber.api.testng.CucumberFeatureWrapper)[pri:0, instance:com.testrunner.TestRunner@5f375618]" name="feature" class="cucumber.api.testng.AbstractTestNGCucumberTests"/>
      </group> <!-- cucumber -->
    </groups>
    <test name="Command line test" duration-ms="175" started-at="2020-06-21T00:50:47Z" finished-at="2020-06-21T00:50:47Z">
      <class name="com.testrunner.TestRunner">
        <test-method status="PASS" signature="setUpClass()[pri:0, instance:com.testrunner.TestRunner@5f375618]" name="setUpClass" is-config="true" duration-ms="111" started-at="2020-06-21T00:50:47Z" finished-at="2020-06-21T00:50:47Z">
          <reporter-output>
          </reporter-output>
        </test-method> <!-- setUpClass -->
        <test-method status="PASS" signature="feature(cucumber.api.testng.CucumberFeatureWrapper)[pri:0, instance:com.testrunner.TestRunner@5f375618]" name="feature" duration-ms="3" started-at="2020-06-21T00:50:47Z" description="Runs Cucumber Feature" data-provider="features" finished-at="2020-06-21T00:50:47Z">
          <params>
            <param index="0">
              <value>
                <![CDATA[JetBlue]]>
              </value>
            </param>
          </params>
          <reporter-output>
          </reporter-output>
        </test-method> <!-- feature -->
        <test-method status="PASS" signature="tearDownClass()[pri:0, instance:com.testrunner.TestRunner@5f375618]" name="tearDownClass" is-config="true" duration-ms="8" started-at="2020-06-21T00:50:47Z" finished-at="2020-06-21T00:50:47Z">
          <reporter-output>
          </reporter-output>
        </test-method> <!-- tearDownClass -->
      </class> <!-- com.testrunner.TestRunner -->
    </test> <!-- Command line test -->
  </suite> <!-- com.testrunner.TestRunner -->
</testng-results>
